<?xml version="1.0" encoding="UTF-8"?>
<!-- Generated by org.testng.reporters.JUnitReportReporter -->
<testsuite hostname="HP" failures="0" tests="2" name="DemoQa.DemoQaPractice.WidgetsPractice" time="5.413" errors="0" timestamp="2021-07-16T11:28:08 IST" skipped="0">
  <testcase classname="DemoQa.DemoQaPractice.WidgetsPractice" name="open_widgets_menu" time="0.147"/>
  <system-out/>
  <testcase classname="DemoQa.DemoQaPractice.WidgetsPractice" name="test_autocomplete" time="5.266"/>
  <system-out/>
</testsuite> <!-- DemoQa.DemoQaPractice.WidgetsPractice -->
