<?xml version="1.0" encoding="UTF-8"?>
<!-- Generated by org.testng.reporters.JUnitReportReporter -->
<testsuite hostname="HP" failures="0" tests="9" name="DemoQa.DemoQaPractice.BrowserWindow" time="27.706" errors="0" timestamp="2021-07-11T22:05:35 IST" skipped="0">
  <testcase classname="DemoQa.DemoQaPractice.BrowserWindow" name="test_newTab" time="6.830"/>
  <system-out/>
  <testcase classname="DemoQa.DemoQaPractice.BrowserWindow" name="test_nested_frames" time="12.310"/>
  <system-out/>
  <testcase classname="DemoQa.DemoQaPractice.BrowserWindow" name="test_modal" time="0.701"/>
  <system-out/>
  <testcase classname="DemoQa.DemoQaPractice.BrowserWindow" name="test_Alert_Confirm_Button" time="0.277"/>
  <system-out/>
  <testcase classname="DemoQa.DemoQaPractice.BrowserWindow" name="test_frames_using_id" time="1.557"/>
  <system-out/>
  <testcase classname="DemoQa.DemoQaPractice.BrowserWindow" name="test_Alert_Button" time="0.400"/>
  <system-out/>
  <testcase classname="DemoQa.DemoQaPractice.BrowserWindow" name="test_TimeAlert_Button" time="5.206"/>
  <system-out/>
  <testcase classname="DemoQa.DemoQaPractice.BrowserWindow" name="open_Alert_menus" time="0.174"/>
  <system-out/>
  <testcase classname="DemoQa.DemoQaPractice.BrowserWindow" name="test_Alert_Prompt_Button" time="0.251"/>
  <system-out/>
</testsuite> <!-- DemoQa.DemoQaPractice.BrowserWindow -->
