<?xml version="1.0" encoding="UTF-8"?>
<!-- Generated by org.testng.reporters.JUnitReportReporter -->
<testsuite hostname="HP" failures="0" tests="3" name="DemoQa.DemoQaPractice.WidgetsPractice" time="0.976" errors="0" timestamp="2021-07-25T21:23:55 IST" skipped="0">
  <testcase classname="DemoQa.DemoQaPractice.WidgetsPractice" name="test_tab_menus" time="0.626"/>
  <system-out/>
  <testcase classname="DemoQa.DemoQaPractice.WidgetsPractice" name="open_widgets_menu" time="0.146"/>
  <system-out/>
  <testcase classname="DemoQa.DemoQaPractice.WidgetsPractice" name="select_open_tabs_menu" time="0.204"/>
  <system-out/>
</testsuite> <!-- DemoQa.DemoQaPractice.WidgetsPractice -->
